0 info it worked if it ends with ok
1 verbose cli [ 'node', '/usr/local/bin/npm', 'install', 'http', '--save-dev' ]
2 info using npm@2.11.3
3 info using node@v0.12.7
4 verbose install initial load of /Users/Nasz/GitHub/production/m-rest_repository/package.json
5 verbose installManyTop reading scoped package data from /Users/Nasz/GitHub/production/m-rest_repository/node_modules/connect/package.json
6 verbose installManyTop reading scoped package data from /Users/Nasz/GitHub/production/m-rest_repository/node_modules/connect-mssql/package.json
7 verbose installManyTop reading scoped package data from /Users/Nasz/GitHub/production/m-rest_repository/node_modules/express/package.json
8 verbose installManyTop reading scoped package data from /Users/Nasz/GitHub/production/m-rest_repository/node_modules/grunt/package.json
9 verbose installManyTop reading scoped package data from /Users/Nasz/GitHub/production/m-rest_repository/node_modules/grunt-autowatch/package.json
10 verbose installManyTop reading scoped package data from /Users/Nasz/GitHub/production/m-rest_repository/node_modules/grunt-bump/package.json
11 verbose installManyTop reading scoped package data from /Users/Nasz/GitHub/production/m-rest_repository/node_modules/grunt-changelog/package.json
12 verbose installManyTop reading scoped package data from /Users/Nasz/GitHub/production/m-rest_repository/node_modules/grunt-cli/package.json
13 verbose installManyTop reading scoped package data from /Users/Nasz/GitHub/production/m-rest_repository/node_modules/grunt-contrib-clean/package.json
14 verbose installManyTop reading scoped package data from /Users/Nasz/GitHub/production/m-rest_repository/node_modules/grunt-contrib-concat/package.json
15 verbose installManyTop reading scoped package data from /Users/Nasz/GitHub/production/m-rest_repository/node_modules/grunt-contrib-copy/package.json
16 verbose installManyTop reading scoped package data from /Users/Nasz/GitHub/production/m-rest_repository/node_modules/grunt-contrib-htmlmin/package.json
17 verbose installManyTop reading scoped package data from /Users/Nasz/GitHub/production/m-rest_repository/node_modules/grunt-contrib-less/package.json
18 verbose installManyTop reading scoped package data from /Users/Nasz/GitHub/production/m-rest_repository/node_modules/grunt-contrib-uglify/package.json
19 verbose installManyTop reading scoped package data from /Users/Nasz/GitHub/production/m-rest_repository/node_modules/grunt-contrib-watch/package.json
20 verbose installManyTop reading scoped package data from /Users/Nasz/GitHub/production/m-rest_repository/node_modules/grunt-recess/package.json
21 verbose installManyTop reading scoped package data from /Users/Nasz/GitHub/production/m-rest_repository/node_modules/grunt-swig/package.json
22 verbose installManyTop reading scoped package data from /Users/Nasz/GitHub/production/m-rest_repository/node_modules/gruntfile-gtx/package.json
23 verbose installManyTop reading scoped package data from /Users/Nasz/GitHub/production/m-rest_repository/node_modules/http-server/package.json
24 verbose installManyTop reading scoped package data from /Users/Nasz/GitHub/production/m-rest_repository/node_modules/mongoose/package.json
25 verbose installManyTop reading scoped package data from /Users/Nasz/GitHub/production/m-rest_repository/node_modules/mssql/package.json
26 verbose installManyTop reading scoped package data from /Users/Nasz/GitHub/production/m-rest_repository/node_modules/node-mssql/package.json
27 verbose installManyTop reading scoped package data from /Users/Nasz/GitHub/production/m-rest_repository/node_modules/require-directory/package.json
28 verbose installManyTop reading scoped package data from /Users/Nasz/GitHub/production/m-rest_repository/node_modules/serve-static/package.json
29 info package.json grunt@0.4.5 No license field.
30 info package.json grunt-contrib-clean@0.6.0 No license field.
31 info package.json grunt-cli@0.1.13 No license field.
32 info package.json grunt-contrib-concat@0.5.1 No license field.
33 info package.json grunt-contrib-less@1.0.1 No license field.
34 info package.json gruntfile-gtx@0.3.0 No license field.
35 info package.json grunt-contrib-watch@0.6.1 No license field.
36 info package.json http-server@0.6.1 No license field.
37 info package.json grunt-autowatch@0.1.4 No license field.
38 info package.json grunt-contrib-htmlmin@0.4.0 No license field.
39 info package.json grunt-changelog@0.3.1 No license field.
40 verbose readDependencies loading dependencies from /Users/Nasz/GitHub/production/m-rest_repository/package.json
41 silly cache add args [ 'http', null ]
42 verbose cache add spec http
43 silly cache add parsed spec { raw: 'http',
43 silly cache add   scope: null,
43 silly cache add   name: 'http',
43 silly cache add   rawSpec: '',
43 silly cache add   spec: '*',
43 silly cache add   type: 'range' }
44 silly addNamed http@*
45 verbose addNamed "*" is a valid semver range for http
46 silly addNameRange { name: 'http', range: '*', hasData: false }
47 silly mapToRegistry name http
48 silly mapToRegistry using default registry
49 silly mapToRegistry registry https://registry.npmjs.org/
50 silly mapToRegistry uri https://registry.npmjs.org/http
51 verbose addNameRange registry:https://registry.npmjs.org/http not in flight; fetching
52 verbose request uri https://registry.npmjs.org/http
53 verbose request no auth needed
54 info attempt registry request try #1 at 6:59:55 PM
55 verbose request id aa0a8ea2a9971648
56 http request GET https://registry.npmjs.org/http
57 http 200 https://registry.npmjs.org/http
58 silly get cb [ 200,
58 silly get   { server: 'CouchDB/1.5.0 (Erlang OTP/R16B03)',
58 silly get     etag: '"9ARRJ1G4SWEZRN9FK6352ZEYA"',
58 silly get     'content-type': 'application/json',
58 silly get     'cache-control': 'max-age=60',
58 silly get     'content-length': '950',
58 silly get     'accept-ranges': 'bytes',
58 silly get     date: 'Wed, 16 Sep 2015 01:59:56 GMT',
58 silly get     via: '1.1 varnish',
58 silly get     age: '28',
58 silly get     connection: 'keep-alive',
58 silly get     'x-served-by': 'cache-lax1426-LAX',
58 silly get     'x-cache': 'HIT',
58 silly get     'x-cache-hits': '1',
58 silly get     'x-timer': 'S1442368796.225221,VS0,VE0',
58 silly get     vary: 'Accept' } ]
59 verbose get saving http to /Users/Nasz/.npm/registry.npmjs.org/http/.cache.json
60 silly addNameRange number 2 { name: 'http', range: '*', hasData: true }
61 silly addNameRange versions [ 'http', [ '0.0.0' ] ]
62 silly addNamed http@0.0.0
63 verbose addNamed "0.0.0" is a plain semver version for http
64 silly mapToRegistry name http
65 silly mapToRegistry using default registry
66 silly mapToRegistry registry https://registry.npmjs.org/
67 silly mapToRegistry uri https://registry.npmjs.org/http
68 verbose addRemoteTarball https://registry.npmjs.org/http/-/http-0.0.0.tgz not in flight; adding
69 verbose addRemoteTarball [ 'https://registry.npmjs.org/http/-/http-0.0.0.tgz',
69 verbose addRemoteTarball   '86e6326d29c5d039de9fac584a45689f929f4f72' ]
70 info retry fetch attempt 1 at 6:59:56 PM
71 info attempt registry request try #1 at 6:59:56 PM
72 http fetch GET https://registry.npmjs.org/http/-/http-0.0.0.tgz
73 http fetch 200 https://registry.npmjs.org/http/-/http-0.0.0.tgz
74 silly fetchAndShaCheck shasum 86e6326d29c5d039de9fac584a45689f929f4f72
75 verbose addTmpTarball /var/folders/gy/d3q__yq57271rf85pl3nml6w0000gn/T/npm-19960-0d2ab219/registry.npmjs.org/http/-/http-0.0.0.tgz not in flight; adding
76 verbose addTmpTarball already have metadata; skipping unpack for http@0.0.0
77 silly cache afterAdd http@0.0.0
78 verbose afterAdd /Users/Nasz/.npm/http/0.0.0/package/package.json not in flight; writing
79 verbose afterAdd /Users/Nasz/.npm/http/0.0.0/package/package.json written
80 silly install resolved [ { name: 'http',
80 silly install resolved     version: '0.0.0',
80 silly install resolved     description: '',
80 silly install resolved     main: 'index.js',
80 silly install resolved     scripts: { test: 'echo "Error: no test specified" && exit 1' },
80 silly install resolved     author: '',
80 silly install resolved     license: 'BSD-2-Clause',
80 silly install resolved     _id: 'http@0.0.0',
80 silly install resolved     dist:
80 silly install resolved      { shasum: '86e6326d29c5d039de9fac584a45689f929f4f72',
80 silly install resolved        tarball: 'http://registry.npmjs.org/http/-/http-0.0.0.tgz' },
80 silly install resolved     _from: 'http@*',
80 silly install resolved     _npmVersion: '1.3.15',
80 silly install resolved     _npmUser: { name: 'yuanyan', email: 'yuanyan.cao@gmail.com' },
80 silly install resolved     maintainers: [ [Object] ],
80 silly install resolved     directories: {},
80 silly install resolved     _shasum: '86e6326d29c5d039de9fac584a45689f929f4f72',
80 silly install resolved     _resolved: 'https://registry.npmjs.org/http/-/http-0.0.0.tgz' } ]
81 info install http@0.0.0 into /Users/Nasz/GitHub/production/m-rest_repository
82 info installOne http@0.0.0
83 verbose installOne of http to /Users/Nasz/GitHub/production/m-rest_repository not in flight; installing
84 verbose lock using /Users/Nasz/.npm/_locks/http-38b6ba5dd061cf26.lock for /Users/Nasz/GitHub/production/m-rest_repository/node_modules/http
85 silly install write writing http 0.0.0 to /Users/Nasz/GitHub/production/m-rest_repository/node_modules/http
86 verbose unbuild node_modules/http
87 silly gentlyRm /Users/Nasz/GitHub/production/m-rest_repository/node_modules/http is being purged from base /Users/Nasz/GitHub/production/m-rest_repository
88 verbose gentlyRm don't care about contents; nuking /Users/Nasz/GitHub/production/m-rest_repository/node_modules/http
89 verbose tar unpack /Users/Nasz/.npm/http/0.0.0/package.tgz
90 verbose tar unpacking to /Users/Nasz/GitHub/production/m-rest_repository/node_modules/http
91 silly gentlyRm /Users/Nasz/GitHub/production/m-rest_repository/node_modules/http is being purged
92 verbose gentlyRm don't care about contents; nuking /Users/Nasz/GitHub/production/m-rest_repository/node_modules/http
93 silly gunzTarPerm modes [ '755', '644' ]
94 silly gunzTarPerm extractEntry package.json
95 verbose write writing to /Users/Nasz/GitHub/production/m-rest_repository/node_modules/http/package.json
96 info preinstall http@0.0.0
97 verbose readDependencies loading dependencies from /Users/Nasz/GitHub/production/m-rest_repository/node_modules/http/package.json
98 verbose readDependencies loading dependencies from /Users/Nasz/GitHub/production/m-rest_repository/node_modules/http/package.json
99 silly install resolved []
100 verbose about to build /Users/Nasz/GitHub/production/m-rest_repository/node_modules/http
101 info build /Users/Nasz/GitHub/production/m-rest_repository/node_modules/http
102 info linkStuff http@0.0.0
103 silly linkStuff http@0.0.0 has /Users/Nasz/GitHub/production/m-rest_repository/node_modules as its parent node_modules
104 verbose linkBins http@0.0.0
105 verbose linkMans http@0.0.0
106 verbose rebuildBundles http@0.0.0
107 info install http@0.0.0
108 info postinstall http@0.0.0
109 verbose unlock done using /Users/Nasz/.npm/_locks/http-38b6ba5dd061cf26.lock for /Users/Nasz/GitHub/production/m-rest_repository/node_modules/http
110 verbose validateInstall loading /Users/Nasz/GitHub/production/m-rest_repository/package.json for validation
111 verbose stack Error: The package grunt-contrib-watch does not satisfy its siblings' peerDependencies requirements!
111 verbose stack     at /usr/local/lib/node_modules/npm/lib/install.js:125:32
111 verbose stack     at /usr/local/lib/node_modules/npm/lib/install.js:267:7
111 verbose stack     at /usr/local/lib/node_modules/npm/node_modules/read-installed/read-installed.js:138:5
111 verbose stack     at /usr/local/lib/node_modules/npm/node_modules/read-installed/read-installed.js:251:14
111 verbose stack     at cb (/usr/local/lib/node_modules/npm/node_modules/slide/lib/async-map.js:47:24)
111 verbose stack     at /usr/local/lib/node_modules/npm/node_modules/read-installed/read-installed.js:251:14
111 verbose stack     at cb (/usr/local/lib/node_modules/npm/node_modules/slide/lib/async-map.js:47:24)
111 verbose stack     at /usr/local/lib/node_modules/npm/node_modules/read-installed/read-installed.js:251:14
111 verbose stack     at cb (/usr/local/lib/node_modules/npm/node_modules/slide/lib/async-map.js:47:24)
111 verbose stack     at /usr/local/lib/node_modules/npm/node_modules/read-installed/read-installed.js:251:14
112 verbose cwd /Users/Nasz/GitHub/production/m-rest_repository
113 error Darwin 14.1.0
114 error argv "node" "/usr/local/bin/npm" "install" "http" "--save-dev"
115 error node v0.12.7
116 error npm  v2.11.3
117 error code EPEERINVALID
118 error peerinvalid The package grunt-contrib-watch does not satisfy its siblings' peerDependencies requirements!
118 error peerinvalid Peer grunt-autowatch@0.1.4 wants grunt-contrib-watch@~0.5.3
119 verbose exit [ 1, true ]
